<?xml version="1.0" encoding="UTF-8"?>
<!-- Generated by org.testng.reporters.JUnitReportReporter -->
<testsuite hostname="DESKTOP-SEKDPB4" failures="0" tests="6" name="testNgpack.VerifySignUPPage" time="0.000" errors="0" timestamp="2023-04-19T08:20:15 IST" skipped="6">
  <testcase classname="testNgpack.VerifySignUPPage" name="verifySignupHiddenElement" time="0.000">
    <skipped/>
  </testcase> <!-- verifySignupHiddenElement -->
  <system-out/>
  <testcase classname="testNgpack.VerifySignUPPage" name="verifySignUpFunctonality" time="0.000">
    <skipped/>
  </testcase> <!-- verifySignUpFunctonality -->
  <system-out/>
  <testcase classname="testNgpack.VerifySignUPPage" name="verifySignUpFunctonality" time="0.000">
    <skipped/>
  </testcase> <!-- verifySignUpFunctonality -->
  <system-out/>
  <testcase classname="testNgpack.VerifySignUPPage" name="verifyErrorMessageONSignUoPage" time="0.000">
    <skipped/>
  </testcase> <!-- verifyErrorMessageONSignUoPage -->
  <system-out/>
  <testcase classname="testNgpack.VerifySignUPPage" name="verifyErrorMessageONSignUoPage" time="0.000">
    <skipped/>
  </testcase> <!-- verifyErrorMessageONSignUoPage -->
  <system-out/>
  <testcase classname="testNgpack.VerifySignUPPage" name="verifySignupHiddenElement" time="0.000">
    <skipped/>
  </testcase> <!-- verifySignupHiddenElement -->
  <system-out/>
</testsuite> <!-- testNgpack.VerifySignUPPage -->
